Oct 04, 2018 10:36:00 AM com.LoginSystem.util.LoggerDetails getLogger
INFO: login Logger Details USERNAME: suren IP ADDRESS: 0:0:0:0:0:0:0:1


Oct 04, 2018 10:40:49 AM com.LoginSystem.util.LoggerDetails getLogger
WARNING: Unathorized access USERNAME:  IP ADDRESS: 0:0:0:0:0:0:0:1


Oct 04, 2018 10:42:16 AM com.LoginSystem.util.LoggerDetails getLogger
INFO: login Logger Details USERNAME: shalini IP ADDRESS: 0:0:0:0:0:0:0:1


Oct 04, 2018 10:43:47 AM com.LoginSystem.util.LoggerDetails getLogger
INFO: login Logger Details USERNAME: suren IP ADDRESS: 0:0:0:0:0:0:0:1


Oct 04, 2018 10:56:23 AM com.LoginSystem.util.LoggerDetails getLogger
INFO: login Logger Details USERNAME: suren IP ADDRESS: 0:0:0:0:0:0:0:1


Oct 04, 2018 11:02:52 AM com.LoginSystem.util.LoggerDetails getLogger
INFO: login Logger Details USERNAME: suren IP ADDRESS: 0:0:0:0:0:0:0:1


Oct 04, 2018 11:49:32 AM com.LoginSystem.util.LoggerDetails getLogger
INFO: login Logger Details USERNAME: suren IP ADDRESS: 0:0:0:0:0:0:0:1


Oct 04, 2018 11:49:44 AM com.LoginSystem.util.LoggerDetails getLogger
INFO: login Logger Details USERNAME: suren IP ADDRESS: 0:0:0:0:0:0:0:1


Oct 04, 2018 11:50:29 AM com.LoginSystem.util.LoggerDetails getLogger
INFO: login Logger Details USERNAME: suren IP ADDRESS: 0:0:0:0:0:0:0:1


Oct 04, 2018 11:52:03 AM com.LoginSystem.util.LoggerDetails getLogger
INFO: login Logger Details USERNAME: suren IP ADDRESS: 0:0:0:0:0:0:0:1


Oct 04, 2018 11:52:28 AM com.LoginSystem.util.LoggerDetails getLogger
INFO: login Logger Details USERNAME: suren IP ADDRESS: 0:0:0:0:0:0:0:1


Oct 04, 2018 11:53:09 AM com.LoginSystem.util.LoggerDetails getLogger
INFO: login Logger Details USERNAME: suren IP ADDRESS: 0:0:0:0:0:0:0:1


Oct 04, 2018 11:55:09 AM com.LoginSystem.util.LoggerDetails getLogger
INFO: login Logger Details USERNAME: suren IP ADDRESS: 0:0:0:0:0:0:0:1


Oct 04, 2018 11:56:53 AM com.LoginSystem.util.LoggerDetails getLogger
INFO: login Logger Details USERNAME: suren IP ADDRESS: 0:0:0:0:0:0:0:1


Oct 04, 2018 1:09:31 PM com.LoginSystem.util.LoggerDetails getLogger
INFO: login Logger Details USERNAME: suren IP ADDRESS: 0:0:0:0:0:0:0:1


Oct 04, 2018 1:09:40 PM com.LoginSystem.util.LoggerDetails getLogger
INFO: logout Logger Details USERNAME: suren IP ADDRESS: 0:0:0:0:0:0:0:1


Oct 04, 2018 1:12:44 PM com.LoginSystem.util.LoggerDetails getLogger
INFO: login Logger Details USERNAME: suren IP ADDRESS: 0:0:0:0:0:0:0:1


Oct 04, 2018 1:12:46 PM com.LoginSystem.util.LoggerDetails getLogger
INFO: logout Logger Details USERNAME: suren IP ADDRESS: 0:0:0:0:0:0:0:1


Oct 04, 2018 1:12:53 PM com.LoginSystem.util.LoggerDetails getLogger
INFO: login Logger Details USERNAME: suren IP ADDRESS: 0:0:0:0:0:0:0:1


Oct 04, 2018 1:12:58 PM com.LoginSystem.util.LoggerDetails getLogger
INFO: logout Logger Details USERNAME: suren IP ADDRESS: 0:0:0:0:0:0:0:1


Oct 04, 2018 1:13:36 PM com.LoginSystem.util.LoggerDetails getLogger
INFO: login Logger Details USERNAME: suren IP ADDRESS: 0:0:0:0:0:0:0:1


Oct 04, 2018 1:14:02 PM com.LoginSystem.util.LoggerDetails getLogger
INFO: logout Logger Details USERNAME: suren IP ADDRESS: 0:0:0:0:0:0:0:1


Oct 04, 2018 1:14:30 PM com.LoginSystem.util.LoggerDetails getLogger
INFO: login Logger Details USERNAME: suren IP ADDRESS: 0:0:0:0:0:0:0:1


Oct 04, 2018 1:14:33 PM com.LoginSystem.util.LoggerDetails getLogger
INFO: logout Logger Details USERNAME: suren IP ADDRESS: 0:0:0:0:0:0:0:1


Oct 04, 2018 1:15:12 PM com.LoginSystem.util.LoggerDetails getLogger
INFO: login Logger Details USERNAME: suren IP ADDRESS: 0:0:0:0:0:0:0:1


Oct 04, 2018 1:15:14 PM com.LoginSystem.util.LoggerDetails getLogger
INFO: logout Logger Details USERNAME: suren IP ADDRESS: 0:0:0:0:0:0:0:1


Oct 04, 2018 1:15:24 PM com.LoginSystem.util.LoggerDetails getLogger
INFO: login Logger Details USERNAME: suren IP ADDRESS: 0:0:0:0:0:0:0:1


Oct 04, 2018 1:15:34 PM com.LoginSystem.util.LoggerDetails getLogger
INFO: logout Logger Details USERNAME: suren IP ADDRESS: 0:0:0:0:0:0:0:1


Oct 04, 2018 1:16:25 PM com.LoginSystem.util.LoggerDetails getLogger
INFO: login Logger Details USERNAME: suren IP ADDRESS: 0:0:0:0:0:0:0:1


Oct 04, 2018 1:16:26 PM com.LoginSystem.util.LoggerDetails getLogger
INFO: logout Logger Details USERNAME: suren IP ADDRESS: 0:0:0:0:0:0:0:1


Oct 04, 2018 1:16:38 PM com.LoginSystem.util.LoggerDetails getLogger
INFO: login Logger Details USERNAME: suren IP ADDRESS: 0:0:0:0:0:0:0:1


Oct 04, 2018 1:16:49 PM com.LoginSystem.util.LoggerDetails getLogger
INFO: login Logger Details USERNAME: suren IP ADDRESS: 0:0:0:0:0:0:0:1


Oct 04, 2018 1:16:57 PM com.LoginSystem.util.LoggerDetails getLogger
INFO: logout Logger Details USERNAME: suren IP ADDRESS: 0:0:0:0:0:0:0:1


Oct 04, 2018 1:18:12 PM com.LoginSystem.util.LoggerDetails getLogger
INFO: login Logger Details USERNAME: suren IP ADDRESS: 0:0:0:0:0:0:0:1


Oct 04, 2018 1:18:20 PM com.LoginSystem.util.LoggerDetails getLogger
INFO: logout Logger Details USERNAME: suren IP ADDRESS: 0:0:0:0:0:0:0:1


Oct 04, 2018 1:21:15 PM com.LoginSystem.util.LoggerDetails getLogger
INFO: login Logger Details USERNAME: suren IP ADDRESS: 0:0:0:0:0:0:0:1


Oct 04, 2018 4:35:38 PM com.LoginSystem.util.LoggerDetails getLogger
INFO: login Logger Details USERNAME: suren IP ADDRESS: 0:0:0:0:0:0:0:1


Oct 04, 2018 5:06:32 PM com.LoginSystem.util.LoggerDetails getLogger
INFO: login Logger Details USERNAME: suren IP ADDRESS: 0:0:0:0:0:0:0:1


Oct 04, 2018 5:13:22 PM com.LoginSystem.util.LoggerDetails getLogger
INFO: login Logger Details USERNAME: suren IP ADDRESS: 0:0:0:0:0:0:0:1


Oct 04, 2018 5:17:48 PM com.LoginSystem.util.LoggerDetails getLogger
INFO: logout Logger Details USERNAME: suren IP ADDRESS: 0:0:0:0:0:0:0:1


Oct 04, 2018 5:17:57 PM com.LoginSystem.util.LoggerDetails getLogger
INFO: login Logger Details USERNAME: suren IP ADDRESS: 0:0:0:0:0:0:0:1


Oct 04, 2018 5:20:08 PM com.LoginSystem.util.LoggerDetails getLogger
INFO: logout Logger Details USERNAME: suren IP ADDRESS: 0:0:0:0:0:0:0:1


Oct 04, 2018 5:20:18 PM com.LoginSystem.util.LoggerDetails getLogger
INFO: login Logger Details USERNAME: suren IP ADDRESS: 0:0:0:0:0:0:0:1


Oct 04, 2018 5:20:36 PM com.LoginSystem.util.LoggerDetails getLogger
INFO: login Logger Details USERNAME: suren IP ADDRESS: 0:0:0:0:0:0:0:1


Oct 04, 2018 5:21:25 PM com.LoginSystem.util.LoggerDetails getLogger
INFO: login Logger Details USERNAME: suren IP ADDRESS: 0:0:0:0:0:0:0:1


Oct 04, 2018 5:21:37 PM com.LoginSystem.util.LoggerDetails getLogger
INFO: login Logger Details USERNAME: suren IP ADDRESS: 0:0:0:0:0:0:0:1


Oct 04, 2018 5:21:44 PM com.LoginSystem.util.LoggerDetails getLogger
INFO: login Logger Details USERNAME: suren IP ADDRESS: 0:0:0:0:0:0:0:1


Oct 04, 2018 5:22:25 PM com.LoginSystem.util.LoggerDetails getLogger
INFO: login Logger Details USERNAME: suren IP ADDRESS: 0:0:0:0:0:0:0:1


Oct 04, 2018 5:23:05 PM com.LoginSystem.util.LoggerDetails getLogger
INFO: logout Logger Details USERNAME: suren IP ADDRESS: 0:0:0:0:0:0:0:1


Oct 04, 2018 5:23:09 PM com.LoginSystem.util.LoggerDetails getLogger
INFO: login Logger Details USERNAME: suren IP ADDRESS: 0:0:0:0:0:0:0:1


Oct 04, 2018 5:23:38 PM com.LoginSystem.util.LoggerDetails getLogger
INFO: logout Logger Details USERNAME: suren IP ADDRESS: 0:0:0:0:0:0:0:1


Oct 04, 2018 5:23:55 PM com.LoginSystem.util.LoggerDetails getLogger
INFO: login Logger Details USERNAME: suren IP ADDRESS: 0:0:0:0:0:0:0:1


Oct 04, 2018 5:24:16 PM com.LoginSystem.util.LoggerDetails getLogger
INFO: login Logger Details USERNAME: suren IP ADDRESS: 0:0:0:0:0:0:0:1


Oct 04, 2018 5:24:26 PM com.LoginSystem.util.LoggerDetails getLogger
INFO: login Logger Details USERNAME: suren IP ADDRESS: 0:0:0:0:0:0:0:1


Oct 04, 2018 5:24:36 PM com.LoginSystem.util.LoggerDetails getLogger
INFO: login Logger Details USERNAME: suren IP ADDRESS: 0:0:0:0:0:0:0:1


Oct 04, 2018 5:25:45 PM com.LoginSystem.util.LoggerDetails getLogger
INFO: logout Logger Details USERNAME: suren IP ADDRESS: 0:0:0:0:0:0:0:1


